Petición recibida
Array
(
    [alimento] => Manzana
    [calorias] => 52
    [proteinas] => 0.3
    [grasas] => 0.2
    [carbohidratos] => 14
    [id_user] => 1
    [cantidad] => 100
    [fecha] => 2025-06-25
)
Petición recibida
Array
(
    [alimento] => Manzana
    [calorias] => 52
    [proteinas] => 0.3
    [grasas] => 0.2
    [carbohidratos] => 14
    [id_user] => 1
    [cantidad] => 100
    [fecha] => 2025-06-25
)
Petición recibida
Array
(
    [alimento] => Manzana
    [calorias] => 52
    [proteinas] => 0.3
    [grasas] => 0.2
    [carbohidratos] => 14
    [id_user] => 1
    [cantidad] => 100
    [fecha] => 2025-06-25
)
Petición recibida
Array
(
    [alimento] => Manzana
    [calorias] => 52
    [proteinas] => 0.3
    [grasas] => 0.2
    [carbohidratos] => 14
    [id_user] => 1
    [cantidad] => 100
    [fecha] => 2025-06-25
)
Petición recibida
Array
(
    [alimento] => Manzana
    [calorias] => 52
    [proteinas] => 0.3
    [grasas] => 0.2
    [carbohidratos] => 14
    [id_user] => 1
    [cantidad] => 100
    [fecha] => 2025-06-25
)
